Detecting C compiler ABI info failed to compile with the following output:
Change Dir: /home/grafito/Scrivania/materie/Programmazione/c-c++/ReteNeurale2/cmake-build-debug/CMakeFiles/CMakeTmp

Run Build Command:"/usr/bin/make" "cmTC_8b0a7/fast"
/usr/bin/make -f CMakeFiles/cmTC_8b0a7.dir/build.make CMakeFiles/cmTC_8b0a7.dir/build
make[1]: Entering directory '/media/Storage/Linux/Scrivania/materie/Programmazione/c-c++/ReteNeurale2/cmake-build-debug/CMakeFiles/CMakeTmp'
Building C object CMakeFiles/cmTC_8b0a7.dir/CMakeCCompilerABI.c.o
/usr/bin/cc     -o CMakeFiles/cmTC_8b0a7.dir/CMakeCCompilerABI.c.o   -c /home/grafito/Clion/clion-2016.3.4/bin/cmake/share/cmake-3.6/Modules/CMakeCCompilerABI.c
Linking C executable cmTC_8b0a7
/home/grafito/Clion/clion-2016.3.4/bin/cmake/bin/cmake -E cmake_link_script CMakeFiles/cmTC_8b0a7.dir/link.txt --verbose=1
/usr/bin/cc      -v CMakeFiles/cmTC_8b0a7.dir/CMakeCCompilerABI.c.o  -o cmTC_8b0a7 -rdynamic  
Using built-in specs.
COLLECT_GCC=/usr/bin/cc
COLLECT_LTO_WRAPPER=/usr/lib/gcc/x86_64-linux-gnu/5/lto-wrapper
Target: x86_64-linux-gnu
Configured with: ../src/configure -v --with-pkgversion='Ubuntu 5.4.0-6ubuntu1~16.04.6' --with-bugurl=file:///usr/share/doc/gcc-5/README.Bugs --enable-languages=c,ada,c++,java,go,d,fortran,objc,obj-c++ --prefix=/usr --program-suffix=-5 --enable-shared --enable-linker-build-id --libexecdir=/usr/lib --without-included-gettext --enable-threads=posix --libdir=/usr/lib --enable-nls --with-sysroot=/ --enable-clocale=gnu --enable-libstdcxx-debug --enable-libstdcxx-time=yes --with-default-libstdcxx-abi=new --enable-gnu-unique-object --disable-vtable-verify --enable-libmpx --enable-plugin --with-system-zlib --disable-browser-plugin --enable-java-awt=gtk --enable-gtk-cairo --with-java-home=/usr/lib/jvm/java-1.5.0-gcj-5-amd64/jre --enable-java-home --with-jvm-root-dir=/usr/lib/jvm/java-1.5.0-gcj-5-amd64 --with-jvm-jar-dir=/usr/lib/jvm-exports/java-1.5.0-gcj-5-amd64 --with-arch-directory=amd64 --with-ecj-jar=/usr/share/java/eclipse-ecj.jar --enable-objc-gc --enable-multiarch --disable-werror --with-arch-32=i686 --with-abi=m64 --with-multilib-list=m32,m64,mx32 --enable-multilib --with-tune=generic --enable-checking=release --build=x86_64-linux-gnu --host=x86_64-linux-gnu --target=x86_64-linux-gnu
Thread model: posix
gcc version 5.4.0 20160609 (Ubuntu 5.4.0-6ubuntu1~16.04.6) 
COMPILER_PATH=/usr/lib/gcc/x86_64-linux-gnu/5/:/usr/lib/gcc/x86_64-linux-gnu/5/:/usr/lib/gcc/x86_64-linux-gnu/:/usr/lib/gcc/x86_64-linux-gnu/5/:/usr/lib/gcc/x86_64-linux-gnu/
LIBRARY_PATH=/usr/lib/gcc/x86_64-linux-gnu/5/:/usr/lib/gcc/x86_64-linux-gnu/5/../../../x86_64-linux-gnu/:/usr/lib/gcc/x86_64-linux-gnu/5/../../../../lib/:/lib/x86_64-linux-gnu/:/lib/../lib/:/usr/lib/x86_64-linux-gnu/:/usr/lib/../lib/:/usr/lib/gcc/x86_64-linux-gnu/5/../../../:/lib/:/usr/lib/
COLLECT_GCC_OPTIONS='-v' '-o' 'cmTC_8b0a7' '-rdynamic' '-mtune=generic' '-march=x86-64'
 /usr/lib/gcc/x86_64-linux-gnu/5/collect2 -plugin /usr/lib/gcc/x86_64-linux-gnu/5/liblto_plugin.so -plugin-opt=/usr/lib/gcc/x86_64-linux-gnu/5/lto-wrapper -plugin-opt=-fresolution=/tmp/cclBNQ6d.res -plugin-opt=-pass-through=-lgcc -plugin-opt=-pass-through=-lgcc_s -plugin-opt=-pass-through=-lc -plugin-opt=-pass-through=-lgcc -plugin-opt=-pass-through=-lgcc_s --sysroot=/ --build-id --eh-frame-hdr -m elf_x86_64 --hash-style=gnu --as-needed -export-dynamic -dynamic-linker /lib64/ld-linux-x86-64.so.2 -z relro -o cmTC_8b0a7 /usr/lib/gcc/x86_64-linux-gnu/5/../../../x86_64-linux-gnu/crt1.o /usr/lib/gcc/x86_64-linux-gnu/5/../../../x86_64-linux-gnu/crti.o /usr/lib/gcc/x86_64-linux-gnu/5/crtbegin.o -L/usr/lib/gcc/x86_64-linux-gnu/5 -L/usr/lib/gcc/x86_64-linux-gnu/5/../../../x86_64-linux-gnu -L/usr/lib/gcc/x86_64-linux-gnu/5/../../../../lib -L/lib/x86_64-linux-gnu -L/lib/../lib -L/usr/lib/x86_64-linux-gnu -L/usr/lib/../lib -L/usr/lib/gcc/x86_64-linux-gnu/5/../../.. CMakeFiles/cmTC_8b0a7.dir/CMakeCCompilerABI.c.o -lgcc --as-needed -lgcc_s --no-as-needed -lc -lgcc --as-needed -lgcc_s --no-as-needed /usr/lib/gcc/x86_64-linux-gnu/5/crtend.o /usr/lib/gcc/x86_64-linux-gnu/5/../../../x86_64-linux-gnu/crtn.o
make[1]: Leaving directory '/media/Storage/Linux/Scrivania/materie/Programmazione/c-c++/ReteNeurale2/cmake-build-debug/CMakeFiles/CMakeTmp'

Cannot copy output executable
  '/home/grafito/Scrivania/materie/Programmazione/c-c++/ReteNeurale2/cmake-build-debug/CMakeFiles/CMakeTmp/cmTC_8b0a7'
to destination specified by COPY_FILE:
  '/home/grafito/Scrivania/materie/Programmazione/c-c++/ReteNeurale2/cmake-build-debug/CMakeFiles/3.6.3/CMakeDetermineCompilerABI_C.bin'


Detecting C [-std=c11] compiler features failed to compile with the following output:
Change Dir: /home/grafito/Scrivania/materie/Programmazione/c-c++/ReteNeurale2/cmake-build-debug/CMakeFiles/CMakeTmp

Run Build Command:"/usr/bin/make" "cmTC_e903f/fast"
/usr/bin/make -f CMakeFiles/cmTC_e903f.dir/build.make CMakeFiles/cmTC_e903f.dir/build
make[1]: Entering directory '/media/Storage/Linux/Scrivania/materie/Programmazione/c-c++/ReteNeurale2/cmake-build-debug/CMakeFiles/CMakeTmp'
Building C object CMakeFiles/cmTC_e903f.dir/feature_tests.c.o
/usr/bin/cc    -std=c11 -o CMakeFiles/cmTC_e903f.dir/feature_tests.c.o   -c /home/grafito/Scrivania/materie/Programmazione/c-c++/ReteNeurale2/cmake-build-debug/CMakeFiles/feature_tests.c
Linking C executable cmTC_e903f
/home/grafito/Clion/clion-2016.3.4/bin/cmake/bin/cmake -E cmake_link_script CMakeFiles/cmTC_e903f.dir/link.txt --verbose=1
/usr/bin/cc       CMakeFiles/cmTC_e903f.dir/feature_tests.c.o  -o cmTC_e903f -rdynamic 
make[1]: Leaving directory '/media/Storage/Linux/Scrivania/materie/Programmazione/c-c++/ReteNeurale2/cmake-build-debug/CMakeFiles/CMakeTmp'

Cannot copy output executable
  '/home/grafito/Scrivania/materie/Programmazione/c-c++/ReteNeurale2/cmake-build-debug/CMakeFiles/CMakeTmp/cmTC_e903f'
to destination specified by COPY_FILE:
  '/home/grafito/Scrivania/materie/Programmazione/c-c++/ReteNeurale2/cmake-build-debug/CMakeFiles/feature_tests.bin'


Detecting CXX compiler ABI info failed to compile with the following output:
Change Dir: /home/grafito/Scrivania/materie/Programmazione/c-c++/ReteNeurale2/cmake-build-debug/CMakeFiles/CMakeTmp

Run Build Command:"/usr/bin/make" "cmTC_19e45/fast"
/usr/bin/make -f CMakeFiles/cmTC_19e45.dir/build.make CMakeFiles/cmTC_19e45.dir/build
make[1]: Entering directory '/media/Storage/Linux/Scrivania/materie/Programmazione/c-c++/ReteNeurale2/cmake-build-debug/CMakeFiles/CMakeTmp'
Building CXX object CMakeFiles/cmTC_19e45.dir/CMakeCXXCompilerABI.cpp.o
/usr/bin/c++      -o CMakeFiles/cmTC_19e45.dir/CMakeCXXCompilerABI.cpp.o -c /home/grafito/Clion/clion-2016.3.4/bin/cmake/share/cmake-3.6/Modules/CMakeCXXCompilerABI.cpp
Linking CXX executable cmTC_19e45
/home/grafito/Clion/clion-2016.3.4/bin/cmake/bin/cmake -E cmake_link_script CMakeFiles/cmTC_19e45.dir/link.txt --verbose=1
/usr/bin/c++       -v CMakeFiles/cmTC_19e45.dir/CMakeCXXCompilerABI.cpp.o  -o cmTC_19e45 -rdynamic  
Using built-in specs.
COLLECT_GCC=/usr/bin/c++
COLLECT_LTO_WRAPPER=/usr/lib/gcc/x86_64-linux-gnu/5/lto-wrapper
Target: x86_64-linux-gnu
Configured with: ../src/configure -v --with-pkgversion='Ubuntu 5.4.0-6ubuntu1~16.04.6' --with-bugurl=file:///usr/share/doc/gcc-5/README.Bugs --enable-languages=c,ada,c++,java,go,d,fortran,objc,obj-c++ --prefix=/usr --program-suffix=-5 --enable-shared --enable-linker-build-id --libexecdir=/usr/lib --without-included-gettext --enable-threads=posix --libdir=/usr/lib --enable-nls --with-sysroot=/ --enable-clocale=gnu --enable-libstdcxx-debug --enable-libstdcxx-time=yes --with-default-libstdcxx-abi=new --enable-gnu-unique-object --disable-vtable-verify --enable-libmpx --enable-plugin --with-system-zlib --disable-browser-plugin --enable-java-awt=gtk --enable-gtk-cairo --with-java-home=/usr/lib/jvm/java-1.5.0-gcj-5-amd64/jre --enable-java-home --with-jvm-root-dir=/usr/lib/jvm/java-1.5.0-gcj-5-amd64 --with-jvm-jar-dir=/usr/lib/jvm-exports/java-1.5.0-gcj-5-amd64 --with-arch-directory=amd64 --with-ecj-jar=/usr/share/java/eclipse-ecj.jar --enable-objc-gc --enable-multiarch --disable-werror --with-arch-32=i686 --with-abi=m64 --with-multilib-list=m32,m64,mx32 --enable-multilib --with-tune=generic --enable-checking=release --build=x86_64-linux-gnu --host=x86_64-linux-gnu --target=x86_64-linux-gnu
Thread model: posix
gcc version 5.4.0 20160609 (Ubuntu 5.4.0-6ubuntu1~16.04.6) 
COMPILER_PATH=/usr/lib/gcc/x86_64-linux-gnu/5/:/usr/lib/gcc/x86_64-linux-gnu/5/:/usr/lib/gcc/x86_64-linux-gnu/:/usr/lib/gcc/x86_64-linux-gnu/5/:/usr/lib/gcc/x86_64-linux-gnu/
LIBRARY_PATH=/usr/lib/gcc/x86_64-linux-gnu/5/:/usr/lib/gcc/x86_64-linux-gnu/5/../../../x86_64-linux-gnu/:/usr/lib/gcc/x86_64-linux-gnu/5/../../../../lib/:/lib/x86_64-linux-gnu/:/lib/../lib/:/usr/lib/x86_64-linux-gnu/:/usr/lib/../lib/:/usr/lib/gcc/x86_64-linux-gnu/5/../../../:/lib/:/usr/lib/
COLLECT_GCC_OPTIONS='-v' '-o' 'cmTC_19e45' '-rdynamic' '-shared-libgcc' '-mtune=generic' '-march=x86-64'
 /usr/lib/gcc/x86_64-linux-gnu/5/collect2 -plugin /usr/lib/gcc/x86_64-linux-gnu/5/liblto_plugin.so -plugin-opt=/usr/lib/gcc/x86_64-linux-gnu/5/lto-wrapper -plugin-opt=-fresolution=/tmp/ccuIj8Cd.res -plugin-opt=-pass-through=-lgcc_s -plugin-opt=-pass-through=-lgcc -plugin-opt=-pass-through=-lc -plugin-opt=-pass-through=-lgcc_s -plugin-opt=-pass-through=-lgcc --sysroot=/ --build-id --eh-frame-hdr -m elf_x86_64 --hash-style=gnu --as-needed -export-dynamic -dynamic-linker /lib64/ld-linux-x86-64.so.2 -z relro -o cmTC_19e45 /usr/lib/gcc/x86_64-linux-gnu/5/../../../x86_64-linux-gnu/crt1.o /usr/lib/gcc/x86_64-linux-gnu/5/../../../x86_64-linux-gnu/crti.o /usr/lib/gcc/x86_64-linux-gnu/5/crtbegin.o -L/usr/lib/gcc/x86_64-linux-gnu/5 -L/usr/lib/gcc/x86_64-linux-gnu/5/../../../x86_64-linux-gnu -L/usr/lib/gcc/x86_64-linux-gnu/5/../../../../lib -L/lib/x86_64-linux-gnu -L/lib/../lib -L/usr/lib/x86_64-linux-gnu -L/usr/lib/../lib -L/usr/lib/gcc/x86_64-linux-gnu/5/../../.. CMakeFiles/cmTC_19e45.dir/CMakeCXXCompilerABI.cpp.o -lstdc++ -lm -lgcc_s -lgcc -lc -lgcc_s -lgcc /usr/lib/gcc/x86_64-linux-gnu/5/crtend.o /usr/lib/gcc/x86_64-linux-gnu/5/../../../x86_64-linux-gnu/crtn.o
make[1]: Leaving directory '/media/Storage/Linux/Scrivania/materie/Programmazione/c-c++/ReteNeurale2/cmake-build-debug/CMakeFiles/CMakeTmp'

Cannot copy output executable
  '/home/grafito/Scrivania/materie/Programmazione/c-c++/ReteNeurale2/cmake-build-debug/CMakeFiles/CMakeTmp/cmTC_19e45'
to destination specified by COPY_FILE:
  '/home/grafito/Scrivania/materie/Programmazione/c-c++/ReteNeurale2/cmake-build-debug/CMakeFiles/3.6.3/CMakeDetermineCompilerABI_CXX.bin'


Detecting CXX [-std=c++14] compiler features failed to compile with the following output:
Change Dir: /home/grafito/Scrivania/materie/Programmazione/c-c++/ReteNeurale2/cmake-build-debug/CMakeFiles/CMakeTmp

Run Build Command:"/usr/bin/make" "cmTC_a5133/fast"
/usr/bin/make -f CMakeFiles/cmTC_a5133.dir/build.make CMakeFiles/cmTC_a5133.dir/build
make[1]: Entering directory '/media/Storage/Linux/Scrivania/materie/Programmazione/c-c++/ReteNeurale2/cmake-build-debug/CMakeFiles/CMakeTmp'
Building CXX object CMakeFiles/cmTC_a5133.dir/feature_tests.cxx.o
/usr/bin/c++     -std=c++14 -o CMakeFiles/cmTC_a5133.dir/feature_tests.cxx.o -c /home/grafito/Scrivania/materie/Programmazione/c-c++/ReteNeurale2/cmake-build-debug/CMakeFiles/feature_tests.cxx
Linking CXX executable cmTC_a5133
/home/grafito/Clion/clion-2016.3.4/bin/cmake/bin/cmake -E cmake_link_script CMakeFiles/cmTC_a5133.dir/link.txt --verbose=1
/usr/bin/c++        CMakeFiles/cmTC_a5133.dir/feature_tests.cxx.o  -o cmTC_a5133 -rdynamic 
make[1]: Leaving directory '/media/Storage/Linux/Scrivania/materie/Programmazione/c-c++/ReteNeurale2/cmake-build-debug/CMakeFiles/CMakeTmp'

Cannot copy output executable
  '/home/grafito/Scrivania/materie/Programmazione/c-c++/ReteNeurale2/cmake-build-debug/CMakeFiles/CMakeTmp/cmTC_a5133'
to destination specified by COPY_FILE:
  '/home/grafito/Scrivania/materie/Programmazione/c-c++/ReteNeurale2/cmake-build-debug/CMakeFiles/feature_tests.bin'


